2025-01-28 19:23:45,418 - INFO - Query: Can you tell me how to cance a order?, Response: Certainly! You can modify or cancel your order within 24 hours of placing it by contacting our customer service team. You can reach them by email at support@example.com, call (123) 456-7890, or use the 24/7 live chat support on our website. After 24 hours, we may not be able to cancel or change the order due to processing and shipment.
2025-01-29 13:35:54,802 - INFO - Query: Can you tell me how to reorder ?, Response: To reorder an item, you can log into your account on our website and go to your order history. Find the previous order containing the item you wish to reorder and select the option to reorder. This will add the item to your cart, and you can proceed to checkout. If you need further assistance, please contact our customer service team via email at support@example.com, call (123) 456-7890, or use the 24/7 live chat support on our website.
2025-01-29 13:37:22,184 - INFO - Query: How can I contact customer service?, Response: You can reach us by email at support@example.com. Alternatively, you can call us at (123) 456-7890. We also provide 24/7 live chat support on our website for your convenience.
2025-01-29 13:38:01,495 - INFO - Query: I want to contact customer service. Can you please tell me the procedure?, Response: Sure! You can contact our customer service team through the following methods:

1. **Email**: Send an email to support@example.com with your query or issue.
2. **Phone**: Call us at (123) 456-7890 during our business hours (Monday through Friday from 9:00 AM to 6:00 PM local time).
3. **Live Chat**: Use the 24/7 live chat support available on our website for immediate assistance.

Feel free to choose the method that is most convenient for you!
2025-01-29 13:38:17,826 - INFO - Query: I want to contact customer service. Can you please tell me the procedure?, Response: Sure! You can contact our customer service team through the following methods:

1. **Email**: Send an email to support@example.com with your query or issue.
2. **Phone**: Call us at (123) 456-7890 during our business hours (Monday through Friday from 9:00 AM to 6:00 PM local time).
3. **Live Chat**: Use the 24/7 live chat support available on our website for immediate assistance.

Feel free to choose the method that is most convenient for you!
2025-01-29 13:38:58,273 - INFO - Query: Can you tell me about current Prime Minister of India?, Response: As of my last update in October 2023, the current Prime Minister of India is Narendra Modi. He has been in office since May 26, 2014, following a victory by his party, the Bharatiya Janata Party (BJP), in the general elections. Narendra Modi was re-elected for a second term in 2019. Before becoming Prime Minister, he served as the Chief Minister of the Indian state of Gujarat from 2001 to 2014. Modi's tenure has focused on economic reforms, infrastructure development, and digital initiatives, among other policy areas. For the most up-to-date information, please verify with current sources.
2025-01-29 13:42:44,547 - INFO - Query: How to cancel a order?, Response: Certainly! You can modify or cancel your order within 24 hours of placing it by contacting our customer service team. You can reach them by email at support@example.com, call (123) 456-7890, or use the 24/7 live chat support on our website. After 24 hours, we may not be able to cancel or change the order due to processing and shipment.
2025-01-29 13:42:57,236 - INFO - Query: Who is current PM of INdia?, Response: As of my last update in October 2023, the current Prime Minister of India is Narendra Modi. He has been in office since May 26, 2014, following a victory by his party, the Bharatiya Janata Party (BJP), in the general elections. Narendra Modi was re-elected for a second term in 2019. For the most up-to-date information, please verify with current sources.
2025-01-29 13:43:04,783 - INFO - Query: Who is current PM of India?, Response: As of my last update in October 2023, the current Prime Minister of India is Narendra Modi. He has been in office since May 26, 2014, following a victory by his party, the Bharatiya Janata Party (BJP), in the general elections. Narendra Modi was re-elected for a second term in 2019. For the most up-to-date information, please verify with current sources.
2025-01-29 13:45:06,717 - INFO - Query: Current PM of India?, Response: Sorry, I can assist you with queries related to customer service only. Please ask me customer service questions only!
2025-01-29 13:45:21,978 - INFO - Query: Who is current PM of India?, Response: Sorry, I can assist you with queries related to customer service only. Please ask me customer service questions only!
2025-01-29 13:46:00,897 - INFO - Query: 1+1, Response: Sorry, I can assist you with queries related to customer service only. Please ask me customer service questions only!
2025-01-29 13:46:19,235 - INFO - Query: What is customer service?, Response: Sorry, I can assist you with queries related to customer service only. Please ask me customer service questions only!
2025-01-29 13:51:12,442 - INFO - Query: What do you do?, Response: Sorry, I can assist you with queries related to customer service only. Please ask me customer service questions only!
2025-01-29 13:55:48,588 - INFO - Query: 1+1, Response: Sorry, I can assist you with queries related to customer service only. Please ask me customer service questions only!
2025-01-29 13:57:04,080 - INFO - Query: Who is PM  of India?, Response: I'm here to assist with customer service-related queries only. Please ask me questions related to our services.
2025-01-29 13:57:18,505 - INFO - Query: What is customer service?, Response: Customer service is the assistance and advice provided by a company to those people who buy or use its products or services. If you have specific questions related to our customer service, feel free to ask!
2025-01-29 13:57:31,418 - INFO - Query: What is customer service and who is narender modi?, Response: I'm here to assist with customer service-related queries only. Please ask me questions related to our services.
2025-01-29 13:59:27,947 - INFO - Query: How to cancel a order?, Response: To cancel an order, please follow these steps:

1. Log in to your account on our website.
2. Go to the 'Orders' section.
3. Select the order you wish to cancel.
4. Click on the 'Cancel Order' button and follow the prompts.

If you encounter any issues or need further assistance, please contact our customer support team.
2025-01-29 14:00:59,709 - INFO - Query: Who is Dheeraj Pant?, Response: I'm here to assist with customer service-related queries only. Please ask me questions related to our services.
2025-01-29 14:01:13,878 - INFO - Query: 1+1, Response: I'm here to assist with customer service-related queries only. Please ask me questions related to our services.
2025-01-29 14:01:20,426 - INFO - Query: How to cancel a order?, Response: You can modify or cancel your order within 24 hours of placing it by contacting our customer service team. After 24 hours, we may not be able to cancel or change the order due to processing and shipment.
2025-01-29 14:01:56,027 - INFO - Query: Tell me about your job?, Response: I'm here to assist with customer service-related queries only. Please ask me questions related to our services.
2025-01-29 14:03:18,278 - INFO - Query: what sort of questions can I ask?, Response: I am a customer service chatbot. I'm here to assist with customer service-related queries only. Feel free to ask me questions about our business hours, how to contact customer service, order changes or cancellations, refunds or exchanges, order tracking, international shipping, updating addresses, resolving wrong item deliveries, password resets, gift cards, payment methods, tracking refunds, product warranties, bulk orders, applying promo codes, handling damaged products, loyalty programs, saving payment information, discounts for students or military personnel, and leaving product reviews.
2025-01-29 14:03:33,890 - INFO - Query: Tell me about yourself?, Response: I am a customer service assistant here to assist with customer service-related queries only. Please ask me questions related to our services.
2025-01-29 14:04:37,622 - INFO - Query: Who are you?, Response: I am a customer service assistant here to assist with customer service-related queries only. Please ask me questions related to our services.
2025-01-29 14:05:27,360 - INFO - Query: Give me a joke?, Response: I am a customer service chatbot. I'm here to assist with customer service-related queries only. Feel free to ask me questions about our services.
2025-01-29 14:06:06,834 - INFO - Query: Hi, Response: Hello! How can I assist you with your customer service-related queries today?
2025-01-29 14:06:13,452 - INFO - Query: Who are you?, Response: I am a customer service assistant here to assist with customer service-related queries only. Please ask me questions related to our services.
2025-01-29 14:25:16,058 - INFO - Query: Hi, Response: Hello! How can I assist you today?
2025-01-29 14:25:22,518 - INFO - Query: Hoe to cancel a order?, Response: You can modify or cancel your order within 24 hours of placing it by contacting our customer service team. After 24 hours, we may not be able to cancel or change the order due to processing and shipment.
2025-01-29 14:26:15,966 - INFO - Query: Can you tell me about yourself?, Response: I am a customer service chatbot. I'm here to assist with customer service-related queries only. How can I help you today?
2025-02-02 17:30:39,933 - INFO - Query: Who are you, Response: I am a customer service chatbot. I'm here to assist with customer service-related queries only. How can I help you today?
